D:\CODINGPROJECTS\NEXUSCODE\NEXUS\AGSNEXUSINTEROP\DEBUG\AGSNEXUSINTEROP.DLL.EMBED.MANIFEST
D:\CODINGPROJECTS\NEXUSCODE\NEXUS\AGSNEXUSINTEROP\DEBUG\AGSNEXUSINTEROP.DLL.EMBED.MANIFEST.RES
D:\CODINGPROJECTS\NEXUSCODE\NEXUS\AGSNEXUSINTEROP\DEBUG\AGSNEXUSINTEROP.DLL.INTERMEDIATE.MANIFEST
D:\CODINGPROJECTS\NEXUSCODE\NEXUS\AGSNEXUSINTEROP\DEBUG\AGSNEXUSINTEROP.OBJ
D:\CodingProjects\NexusCode\Nexus\agsNexusInterop\Debug\agsNexusInterop.write.1.tlog
D:\CodingProjects\NexusCode\Nexus\agsNexusInterop\Debug\agsNexusInterop_manifest.rc
D:\CodingProjects\NexusCode\Nexus\agsNexusInterop\Debug\cl.command.1.tlog
D:\CodingProjects\NexusCode\Nexus\agsNexusInterop\Debug\CL.read.1.tlog
D:\CodingProjects\NexusCode\Nexus\agsNexusInterop\Debug\CL.write.1.tlog
D:\CodingProjects\NexusCode\Nexus\agsNexusInterop\Debug\link.1664.read.1.tlog
D:\CodingProjects\NexusCode\Nexus\agsNexusInterop\Debug\link.1664.write.1.tlog
D:\CodingProjects\NexusCode\Nexus\agsNexusInterop\Debug\link.1664-cvtres.read.1.tlog
D:\CodingProjects\NexusCode\Nexus\agsNexusInterop\Debug\link.1664-cvtres.write.1.tlog
D:\CodingProjects\NexusCode\Nexus\agsNexusInterop\Debug\link.command.1.tlog
D:\CodingProjects\NexusCode\Nexus\agsNexusInterop\Debug\link.read.1.tlog
D:\CodingProjects\NexusCode\Nexus\agsNexusInterop\Debug\link.write.1.tlog
D:\CodingProjects\NexusCode\Nexus\agsNexusInterop\Debug\link-cvtres.read.1.tlog
D:\CodingProjects\NexusCode\Nexus\agsNexusInterop\Debug\link-cvtres.write.1.tlog
D:\CodingProjects\NexusCode\Nexus\agsNexusInterop\Debug\mt.command.1.tlog
D:\CodingProjects\NexusCode\Nexus\agsNexusInterop\Debug\mt.read.1.tlog
D:\CodingProjects\NexusCode\Nexus\agsNexusInterop\Debug\mt.write.1.tlog
D:\CodingProjects\NexusCode\Nexus\agsNexusInterop\Debug\rc.command.1.tlog
D:\CodingProjects\NexusCode\Nexus\agsNexusInterop\Debug\rc.read.1.tlog
D:\CodingProjects\NexusCode\Nexus\agsNexusInterop\Debug\rc.write.1.tlog
D:\CodingProjects\NexusCode\Nexus\agsNexusInterop\Debug\vc100.idb
D:\CODINGPROJECTS\NEXUSCODE\NEXUS\AGSNEXUSINTEROP\DEBUG\VC100.PDB
D:\CODINGPROJECTS\NEXUSCODE\NEXUS\DEBUG\AGSNEXUSINTEROP.DLL
D:\CodingProjects\NexusCode\Nexus\Debug\agsNexusInterop.exp
D:\CODINGPROJECTS\NEXUSCODE\NEXUS\DEBUG\AGSNEXUSINTEROP.ILK
D:\CodingProjects\NexusCode\Nexus\Debug\agsNexusInterop.lib
D:\CODINGPROJECTS\NEXUSCODE\NEXUS\DEBUG\AGSNEXUSINTEROP.PDB
