C:\Users\Steve\Dropbox\NimbusCode\Nimbus\agsNexusInterop\Debug\agsNexusInterop.obj
C:\Users\Steve\Dropbox\NimbusCode\Nimbus\agsNexusInterop\Debug\agsNimbusInterop.dll.embed.manifest
C:\Users\Steve\Dropbox\NimbusCode\Nimbus\agsNexusInterop\Debug\agsNimbusInterop.dll.embed.manifest.res
C:\Users\Steve\Dropbox\NimbusCode\Nimbus\agsNexusInterop\Debug\agsNimbusInterop.dll.intermediate.manifest
C:\Users\Steve\Dropbox\NimbusCode\Nimbus\agsNexusInterop\Debug\agsNimbusInterop.write.1.tlog
C:\Users\Steve\Dropbox\NimbusCode\Nimbus\agsNexusInterop\Debug\agsNimbusInterop_manifest.rc
C:\Users\Steve\Dropbox\NimbusCode\Nimbus\agsNexusInterop\Debug\cl.command.1.tlog
C:\Users\Steve\Dropbox\NimbusCode\Nimbus\agsNexusInterop\Debug\CL.read.1.tlog
C:\Users\Steve\Dropbox\NimbusCode\Nimbus\agsNexusInterop\Debug\CL.write.1.tlog
C:\Users\Steve\Dropbox\NimbusCode\Nimbus\agsNexusInterop\Debug\link.4268.read.1.tlog
C:\Users\Steve\Dropbox\NimbusCode\Nimbus\agsNexusInterop\Debug\link.4268.write.1.tlog
C:\Users\Steve\Dropbox\NimbusCode\Nimbus\agsNexusInterop\Debug\link.4268-cvtres.read.1.tlog
C:\Users\Steve\Dropbox\NimbusCode\Nimbus\agsNexusInterop\Debug\link.4268-cvtres.write.1.tlog
C:\Users\Steve\Dropbox\NimbusCode\Nimbus\agsNexusInterop\Debug\link.command.1.tlog
C:\Users\Steve\Dropbox\NimbusCode\Nimbus\agsNexusInterop\Debug\link.read.1.tlog
C:\Users\Steve\Dropbox\NimbusCode\Nimbus\agsNexusInterop\Debug\link.write.1.tlog
C:\Users\Steve\Dropbox\NimbusCode\Nimbus\agsNexusInterop\Debug\link-cvtres.read.1.tlog
C:\Users\Steve\Dropbox\NimbusCode\Nimbus\agsNexusInterop\Debug\link-cvtres.write.1.tlog
C:\Users\Steve\Dropbox\NimbusCode\Nimbus\agsNexusInterop\Debug\mt.command.1.tlog
C:\Users\Steve\Dropbox\NimbusCode\Nimbus\agsNexusInterop\Debug\mt.read.1.tlog
C:\Users\Steve\Dropbox\NimbusCode\Nimbus\agsNexusInterop\Debug\mt.write.1.tlog
C:\Users\Steve\Dropbox\NimbusCode\Nimbus\agsNexusInterop\Debug\rc.command.1.tlog
C:\Users\Steve\Dropbox\NimbusCode\Nimbus\agsNexusInterop\Debug\rc.read.1.tlog
C:\Users\Steve\Dropbox\NimbusCode\Nimbus\agsNexusInterop\Debug\rc.write.1.tlog
C:\Users\Steve\Dropbox\NimbusCode\Nimbus\agsNexusInterop\Debug\vc100.idb
C:\USERS\STEVE\DROPBOX\NIMBUSCODE\NIMBUS\AGSNEXUSINTEROP\DEBUG\VC100.PDB
C:\Users\Steve\Dropbox\NimbusCode\Nimbus\Debug\agsNimbusInterop.dll
C:\Users\Steve\Dropbox\NimbusCode\Nimbus\Debug\agsNimbusInterop.ilk
C:\Users\Steve\Dropbox\NimbusCode\Nimbus\Debug\agsNimbusInterop.pdb
D:\CODINGPROJECTS\NIMBUSCODE\NIMBUS\AGSNEXUSINTEROP\DEBUG\AGSNEXUSINTEROP.OBJ
D:\CODINGPROJECTS\NIMBUSCODE\NIMBUS\AGSNEXUSINTEROP\DEBUG\AGSNIMBUSINTEROP.DLL.EMBED.MANIFEST
D:\CODINGPROJECTS\NIMBUSCODE\NIMBUS\AGSNEXUSINTEROP\DEBUG\AGSNIMBUSINTEROP.DLL.EMBED.MANIFEST.RES
D:\CODINGPROJECTS\NIMBUSCODE\NIMBUS\AGSNEXUSINTEROP\DEBUG\AGSNIMBUSINTEROP.DLL.INTERMEDIATE.MANIFEST
D:\CODINGPROJECTS\NIMBUSCODE\NIMBUS\AGSNEXUSINTEROP\DEBUG\VC100.PDB
D:\CODINGPROJECTS\NIMBUSCODE\NIMBUS\DEBUG\AGSNIMBUSINTEROP.DLL
D:\CodingProjects\NimbusCode\Nimbus\Debug\agsNimbusInterop.exp
D:\CODINGPROJECTS\NIMBUSCODE\NIMBUS\DEBUG\AGSNIMBUSINTEROP.ILK
D:\CodingProjects\NimbusCode\Nimbus\Debug\agsNimbusInterop.lib
D:\CODINGPROJECTS\NIMBUSCODE\NIMBUS\DEBUG\AGSNIMBUSINTEROP.PDB
