Build started 05/11/2011 19:33:57.
     1>Project "C:\Documents and Settings\Steve\My Documents\Dropbox\NimbusCode\Nimbus\agsNexusInterop\agsNexusInterop.vcxproj" on node 2 (build target(s)).
     1>InitializeBuildStatus:
         Creating "Debug\agsNimbusInterop.unsuccessfulbuild" because "AlwaysCreate" was specified.
       ClCompile:
         c:\Program Files\Microsoft Visual Studio 10.0\VC\bin\CL.exe /c /ZI /nologo /W3 /WX- /Od /Oy- /D WIN32 /D _DEBUG /D _WINDOWS /D _USRDLL /D AGSNEXUSINTEROP_EXPORTS /D _WINDLL /D _MBCS /Gm /EHsc /RTC1 /MTd /GS /fp:precise /Zc:wchar_t /Zc:forScope /Fo"Debug\\" /Fd"Debug\vc100.pdb" /Gd /TP /analyze- /errorReport:prompt agsNexusInterop.cpp
         Skipping... (no relevant changes detected)
         agsNexusInterop.cpp
       ManifestResourceCompile:
         All outputs are up-to-date.
       Link:
         c:\Program Files\Microsoft Visual Studio 10.0\VC\bin\link.exe /ERRORREPORT:PROMPT /OUT:"C:\Documents and Settings\Steve\My Documents\Dropbox\NimbusCode\Nimbus\Debug\agsNimbusInterop.dll" /INCREMENTAL /NOLOGO kernel32.lib user32.lib gdi32.lib winspool.lib comdlg32.lib advapi32.lib shell32.lib ole32.lib oleaut32.lib uuid.lib odbc32.lib odbccp32.lib /MANIFEST /ManifestFile:"Debug\agsNimbusInterop.dll.intermediate.manifest" /MANIFESTUAC:"level='asInvoker' uiAccess='false'" /DEBUG /PDB:"C:\Documents and Settings\Steve\My Documents\Dropbox\NimbusCode\Nimbus\Debug\agsNimbusInterop.pdb" /SUBSYSTEM:WINDOWS /TLBID:1 /DYNAMICBASE /NXCOMPAT /IMPLIB:"C:\Documents and Settings\Steve\My Documents\Dropbox\NimbusCode\Nimbus\Debug\agsNimbusInterop.lib" /MACHINE:X86 /DLL Debug\agsNimbusInterop.dll.embed.manifest.res
         Debug\agsNexusInterop.obj
            Creating library C:\Documents and Settings\Steve\My Documents\Dropbox\NimbusCode\Nimbus\Debug\agsNimbusInterop.lib and object C:\Documents and Settings\Steve\My Documents\Dropbox\NimbusCode\Nimbus\Debug\agsNimbusInterop.exp
       Manifest:
         C:\Program Files\Microsoft SDKs\Windows\v7.0A\bin\mt.exe /nologo /verbose /out:"Debug\agsNimbusInterop.dll.embed.manifest" /manifest Debug\agsNimbusInterop.dll.intermediate.manifest
         All outputs are up-to-date.
       LinkEmbedManifest:
         All outputs are up-to-date.
         agsNexusInterop.vcxproj -> C:\Documents and Settings\Steve\My Documents\Dropbox\NimbusCode\Nimbus\Debug\agsNimbusInterop.dll
       FinalizeBuildStatus:
         Deleting file "Debug\agsNimbusInterop.unsuccessfulbuild".
         Touching "Debug\agsNimbusInterop.lastbuildstate".
     1>Done Building Project "C:\Documents and Settings\Steve\My Documents\Dropbox\NimbusCode\Nimbus\agsNexusInterop\agsNexusInterop.vcxproj" (build target(s)).

Build succeeded.

Time Elapsed 00:00:10.76
